<?xml version="1.0" encoding="UTF-8"?>
<!-- Generated by org.testng.reporters.JUnitXMLReporter -->
<testsuite ignored="0" hostname="DESKTOP-5AMIFTG" failures="0" tests="3" name="Submit Order Test" time="49.052" errors="0" timestamp="2024-06-05T01:45:38 EDT">
  <testcase classname="RS.RS_new.SubmitOrderTest" name="submitOrder" time="4.174"/>
  <testcase classname="RS.RS_new.SubmitOrderTest" name="submitOrder" time="4.784"/>
  <testcase classname="RS.RS_new.SubmitOrderTest" name="OrderHisotryTest" time="10.709">
    <skipped/>
  </testcase> <!-- OrderHisotryTest -->
</testsuite> <!-- Submit Order Test -->
